<?xml version="1.0" encoding="UTF-8"?>
<!-- Generated by org.testng.reporters.JUnitReportReporter -->
<testsuite skipped="0" hostname="HARDIKs-MacBook-Pro.local" name="test.LoginTest" tests="1" failures="0" timestamp="26 Apr 2021 17:17:50 GMT" time="10.047" errors="0">
  <testcase name="login" time="10.047" classname="test.LoginTest"/>
</testsuite> <!-- test.LoginTest -->
