<?xml version="1.0" encoding="UTF-8"?>
<!-- Generated by org.testng.reporters.JUnitReportReporter -->
<testsuite skipped="0" hostname="HARDIKs-MBP.localdomain" name="test.FindReservationTest" tests="1" failures="0" timestamp="19 Dec 2020 22:03:16 GMT" time="6.457" errors="0">
  <testcase name="userShouldBeAbleToFindReservation" time="6.457" classname="test.FindReservationTest"/>
</testsuite> <!-- test.FindReservationTest -->
