<?xml version="1.0" encoding="UTF-8"?>
<!-- Generated by org.testng.reporters.JUnitReportReporter -->
<testsuite skipped="0" hostname="HARDIKs-MacBook-Pro.local" name="test.FindGuestProfileTest" tests="1" failures="0" timestamp="16 Dec 2020 03:12:49 GMT" time="6.360" errors="0">
  <testcase name="userShouldBeAbleToFindReservation" time="6.360" classname="test.FindGuestProfileTest"/>
</testsuite> <!-- test.FindGuestProfileTest -->
