<?xml version="1.0" encoding="UTF-8"?>
<!-- Generated by org.testng.reporters.JUnitReportReporter -->
<testsuite skipped="0" hostname="HARDIKs-MacBook-Pro.local" name="com.techfios.POMChoiceAdvantageProject.AppTest" tests="1" failures="0" timestamp="14 Dec 2020 23:07:28 GMT" time="0.008" errors="0">
  <testcase name="shouldAnswerWithTrue" time="0.008" classname="com.techfios.POMChoiceAdvantageProject.AppTest"/>
</testsuite> <!-- com.techfios.POMChoiceAdvantageProject.AppTest -->
